<?xml version="1.0" encoding="UTF-8"?>
<testsuite name="com.practice.board.service.PostServiceTest" tests="1" skipped="0" failures="0" errors="0" timestamp="2022-06-23T07:47:48" hostname="DESKTOP-8PVPUI8" time="0.119">
  <properties/>
  <testcase name="게시물 등록 테스트" classname="com.practice.board.service.PostServiceTest" time="0.119"/>
  <system-out><![CDATA[]]></system-out>
  <system-err><![CDATA[]]></system-err>
</testsuite>
