<?xml version="1.0" encoding="UTF-8"?>
<testsuite name="com.practice.board.BoardApplicationTests" tests="1" skipped="0" failures="0" errors="0" timestamp="2022-06-23T07:47:46" hostname="DESKTOP-8PVPUI8" time="0.047">
  <properties/>
  <testcase name="contextLoads()" classname="com.practice.board.BoardApplicationTests" time="0.047"/>
  <system-out><![CDATA[16:47:43.525 [Test worker] DEBUG org.springframework.test.context.BootstrapUtils - Instantiating CacheAwareContextLoaderDelegate from class [org.springframework.test.context.cache.DefaultCacheAwareContextLoaderDelegate]
16:47:43.532 [Test worker] DEBUG org.springframework.test.context.BootstrapUtils - Instantiating BootstrapContext using constructor [public org.springframework.test.context.support.DefaultBootstrapContext(java.lang.Class,org.springframework.test.context.CacheAwareContextLoaderDelegate)]
16:47:43.557 [Test worker] DEBUG org.springframework.test.context.BootstrapUtils - Instantiating TestContextBootstrapper for test class [com.practice.board.BoardApplicationTests] from class [org.springframework.boot.test.context.SpringBootTestContextBootstrapper]
16:47:43.564 [Test worker] INFO org.springframework.boot.test.context.SpringBootTestContextBootstrapper - Neither @ContextConfiguration nor @ContextHierarchy found for test class [com.practice.board.BoardApplicationTests], using SpringBootContextLoader
16:47:43.567 [Test worker] DEBUG org.springframework.test.context.support.AbstractContextLoader - Did not detect default resource location for test class [com.practice.board.BoardApplicationTests]: class path resource [com/practice/board/BoardApplicationTests-context.xml] does not exist
16:47:43.567 [Test worker] DEBUG org.springframework.test.context.support.AbstractContextLoader - Did not detect default resource location for test class [com.practice.board.BoardApplicationTests]: class path resource [com/practice/board/BoardApplicationTestsContext.groovy] does not exist
16:47:43.567 [Test worker] INFO org.springframework.test.context.support.AbstractContextLoader - Could not detect default resource locations for test class [com.practice.board.BoardApplicationTests]: no resource found for suffixes {-context.xml, Context.groovy}.
16:47:43.568 [Test worker] INFO org.springframework.test.context.support.AnnotationConfigContextLoaderUtils - Could not detect default configuration classes for test class [com.practice.board.BoardApplicationTests]: BoardApplicationTests does not declare any static, non-private, non-final, nested classes annotated with @Configuration.
16:47:43.591 [Test worker] DEBUG org.springframework.test.context.support.ActiveProfilesUtils - Could not find an 'annotation declaring class' for annotation type [org.springframework.test.context.ActiveProfiles] and class [com.practice.board.BoardApplicationTests]
16:47:43.625 [Test worker] DEBUG org.springframework.context.annotation.ClassPathScanningCandidateComponentProvider - Identified candidate component class: file [C:\Users\owner\Desktop\danusys\2. 코드\개인\thymeleaf\1.spring-thymeleaf\build\classes\java\main\com\practice\board\BoardApplication.class]
16:47:43.625 [Test worker] INFO org.springframework.boot.test.context.SpringBootTestContextBootstrapper - Found @SpringBootConfiguration com.practice.board.BoardApplication for test class com.practice.board.BoardApplicationTests
16:47:43.688 [Test worker] DEBUG org.springframework.boot.test.context.SpringBootTestContextBootstrapper - @TestExecutionListeners is not present for class [com.practice.board.BoardApplicationTests]: using defaults.
16:47:43.688 [Test worker] INFO org.springframework.boot.test.context.SpringBootTestContextBootstrapper - Loaded default TestExecutionListener class names from location [META-INF/spring.factories]: [org.springframework.boot.test.autoconfigure.restdocs.RestDocsTestExecutionListener, org.springframework.boot.test.autoconfigure.web.client.MockRestServiceServerResetTestExecutionListener, org.springframework.boot.test.autoconfigure.web.servlet.MockMvcPrintOnlyOnFailureTestExecutionListener, org.springframework.boot.test.autoconfigure.web.servlet.WebDriverTestExecutionListener, org.springframework.boot.test.autoconfigure.webservices.client.MockWebServiceServerTestExecutionListener, org.springframework.boot.test.mock.mockito.MockitoTestExecutionListener, org.springframework.boot.test.mock.mockito.ResetMocksTestExecutionListener, org.springframework.test.context.web.ServletTestExecutionListener, org.springframework.test.context.support.DirtiesContextBeforeModesTestExecutionListener, org.springframework.test.context.event.ApplicationEventsTestExecutionListener, org.springframework.test.context.support.DependencyInjectionTestExecutionListener, org.springframework.test.context.support.DirtiesContextTestExecutionListener, org.springframework.test.context.transaction.TransactionalTestExecutionListener, org.springframework.test.context.jdbc.SqlScriptsTestExecutionListener, org.springframework.test.context.event.EventPublishingTestExecutionListener]
16:47:43.700 [Test worker] INFO org.springframework.boot.test.context.SpringBootTestContextBootstrapper - Using TestExecutionListeners: [org.springframework.test.context.web.ServletTestExecutionListener@177bea38, org.springframework.test.context.support.DirtiesContextBeforeModesTestExecutionListener@7f132176, org.springframework.test.context.event.ApplicationEventsTestExecutionListener@6bca7e0d, org.springframework.boot.test.mock.mockito.MockitoTestExecutionListener@2631f68c, org.springframework.boot.test.autoconfigure.SpringBootDependencyInjectionTestExecutionListener@6ed3f258, org.springframework.test.context.support.DirtiesContextTestExecutionListener@8ad6665, org.springframework.test.context.transaction.TransactionalTestExecutionListener@30af5b6b, org.springframework.test.context.jdbc.SqlScriptsTestExecutionListener@19835e64, org.springframework.test.context.event.EventPublishingTestExecutionListener@68b32e3e, org.springframework.boot.test.autoconfigure.restdocs.RestDocsTestExecutionListener@bcef303, org.springframework.boot.test.autoconfigure.web.client.MockRestServiceServerResetTestExecutionListener@41709512, org.springframework.boot.test.autoconfigure.web.servlet.MockMvcPrintOnlyOnFailureTestExecutionListener@42039326, org.springframework.boot.test.autoconfigure.web.servlet.WebDriverTestExecutionListener@33308786, org.springframework.boot.test.autoconfigure.webservices.client.MockWebServiceServerTestExecutionListener@4f9a2c08, org.springframework.boot.test.mock.mockito.ResetMocksTestExecutionListener@a87f8ec]
16:47:43.702 [Test worker] DEBUG org.springframework.test.context.support.AbstractDirtiesContextTestExecutionListener - Before test class: context [DefaultTestContext@53de625d testClass = BoardApplicationTests, testInstance = [null], testMethod = [null], testException = [null], mergedContextConfiguration = [WebMergedContextConfiguration@535779e4 testClass = BoardApplicationTests, locations = '{}', classes = '{class com.practice.board.BoardApplication}', contextInitializerClasses = '[]', activeProfiles = '{}', propertySourceLocations = '{}', propertySourceProperties = '{org.springframework.boot.test.context.SpringBootTestContextBootstrapper=true}', contextCustomizers = set[org.springframework.boot.test.autoconfigure.actuate.metrics.MetricsExportContextCustomizerFactory$DisableMetricExportContextCustomizer@4722ef0c, org.springframework.boot.test.autoconfigure.properties.PropertyMappingContextCustomizer@0, org.springframework.boot.test.autoconfigure.web.servlet.WebDriverContextCustomizerFactory$Customizer@6e2829c7, org.springframework.boot.test.context.filter.ExcludeFilterContextCustomizer@1c742ed4, org.springframework.boot.test.json.DuplicateJsonObjectContextCustomizerFactory$DuplicateJsonObjectContextCustomizer@69c81773, org.springframework.boot.test.mock.mockito.MockitoContextCustomizer@0, org.springframework.boot.test.web.client.TestRestTemplateContextCustomizer@6f15d60e, org.springframework.boot.test.context.SpringBootTestArgs@1, org.springframework.boot.test.context.SpringBootTestWebEnvironment@7a4ccb53], resourceBasePath = 'src/main/webapp', contextLoader = 'org.springframework.boot.test.context.SpringBootContextLoader', parent = [null]], attributes = map['org.springframework.test.context.web.ServletTestExecutionListener.activateListener' -> true]], class annotated with @DirtiesContext [false] with mode [null].

  .   ____          _            __ _ _
 /\\ / ___'_ __ _ _(_)_ __  __ _ \ \ \ \
( ( )\___ | '_ | '_| | '_ \/ _` | \ \ \ \
 \\/  ___)| |_)| | | | | || (_| |  ) ) ) )
  '  |____| .__|_| |_|_| |_\__, | / / / /
 =========|_|==============|___/=/_/_/_/
 :: Spring Boot ::                (v2.7.0)

2022-06-23 16:47:43.938  INFO 4540 --- [    Test worker] c.practice.board.BoardApplicationTests   : Starting BoardApplicationTests using Java 1.8.0_202 on DESKTOP-8PVPUI8 with PID 4540 (started by owner in C:\Users\owner\Desktop\danusys\2. 코드\개인\thymeleaf\1.spring-thymeleaf)
2022-06-23 16:47:43.939  INFO 4540 --- [    Test worker] c.practice.board.BoardApplicationTests   : No active profile set, falling back to 1 default profile: "default"
2022-06-23 16:47:44.339  INFO 4540 --- [    Test worker] .s.d.r.c.RepositoryConfigurationDelegate : Bootstrapping Spring Data JPA repositories in DEFAULT mode.
2022-06-23 16:47:44.368  INFO 4540 --- [    Test worker] .s.d.r.c.RepositoryConfigurationDelegate : Finished Spring Data repository scanning in 24 ms. Found 1 JPA repository interfaces.
2022-06-23 16:47:44.723  INFO 4540 --- [    Test worker] o.hibernate.jpa.internal.util.LogHelper  : HHH000204: Processing PersistenceUnitInfo [name: default]
2022-06-23 16:47:44.757  INFO 4540 --- [    Test worker] org.hibernate.Version                    : HHH000412: Hibernate ORM core version 5.6.9.Final
2022-06-23 16:47:44.877  INFO 4540 --- [    Test worker] o.hibernate.annotations.common.Version   : HCANN000001: Hibernate Commons Annotations {5.1.2.Final}
2022-06-23 16:47:44.948  INFO 4540 --- [    Test worker] com.zaxxer.hikari.HikariDataSource       : HikariPool-1 - Starting...
2022-06-23 16:47:45.305  INFO 4540 --- [    Test worker] com.zaxxer.hikari.HikariDataSource       : HikariPool-1 - Start completed.
2022-06-23 16:47:45.319  INFO 4540 --- [    Test worker] org.hibernate.dialect.Dialect            : HHH000400: Using dialect: org.hibernate.dialect.MySQL5InnoDBDialect
2022-06-23 16:47:45.757  INFO 4540 --- [    Test worker] o.h.e.t.j.p.i.JtaPlatformInitiator       : HHH000490: Using JtaPlatform implementation: [org.hibernate.engine.transaction.jta.platform.internal.NoJtaPlatform]
2022-06-23 16:47:45.764  INFO 4540 --- [    Test worker] j.LocalContainerEntityManagerFactoryBean : Initialized JPA EntityManagerFactory for persistence unit 'default'
2022-06-23 16:47:46.272  WARN 4540 --- [    Test worker] JpaBaseConfiguration$JpaWebConfiguration : spring.jpa.open-in-view is enabled by default. Therefore, database queries may be performed during view rendering. Explicitly configure spring.jpa.open-in-view to disable this warning
2022-06-23 16:47:46.792  INFO 4540 --- [    Test worker] c.practice.board.BoardApplicationTests   : Started BoardApplicationTests in 3.067 seconds (JVM running for 3.919)
]]></system-out>
  <system-err><![CDATA[]]></system-err>
</testsuite>
